Build started 12/12/2013 8:19:43 PM.
     1>Project "C:\Users\cobra\Desktop\render\render_type\render_type.vcxproj" on node 2 (Rebuild target(s)).
     1>ClCompile:
         C:\Program Files (x86)\Microsoft Visual Studio 11.0\VC\bin\CL.exe /c /AI"C:\Program Files (x86)\Reference Assemblies\Microsoft\Framework\.NETFramework\v4.0" /AI"C:\Program Files (x86)\Windows Kits\8.0\References\CommonConfiguration\Neutral" /Zi /clr /nologo /W3 /WX- /O2 /Oi /Oy- /GL /D WIN32 /D NDEBUG /D _WINDOWS /D _UNICODE /D UNICODE /EHa /MD /GS /Gy /fp:precise /Zc:wchar_t /Zc:forScope /Fo"Release\\" /Fd"Release\vc110.pdb" /TP /FU"C:\Program Files (x86)\Reference Assemblies\Microsoft\Framework\.NETFramework\v4.0\mscorlib.dll" /analyze- /errorReport:prompt /clr:nostdlib camera.cpp dataset.cpp draw.cpp events.cpp float4.cpp glenv.cpp mesh.cpp part.cpp render.cpp sector.cpp
         camera.cpp
         dataset.cpp
         draw.cpp
         events.cpp
         float4.cpp
         glenv.cpp
         mesh.cpp
         part.cpp
         render.cpp
         sector.cpp
         Generating Code...
         C:\Program Files (x86)\Microsoft Visual Studio 11.0\VC\bin\CL.exe /c /Zi /clr /nologo /W3 /WX- /O2 /Oi /Oy- /GL /D WIN32 /D NDEBUG /D _WINDOWS /D _UNICODE /D UNICODE /EHa /MD /GS /Gy /fp:precise /Zc:wchar_t /Zc:forScope /Fo"Release\\" /Fd"Release\vc110.pdb" /TP /analyze- /errorReport:prompt "C:\Users\cobra\AppData\Local\Temp\.NETFramework,Version=v4.0.AssemblyAttributes.cpp"
         .NETFramework,Version=v4.0.AssemblyAttributes.cpp
       Link:
         C:\Program Files (x86)\Microsoft Visual Studio 11.0\VC\bin\link.exe /ERRORREPORT:PROMPT /OUT:"C:\Users\cobra\Desktop\render\Release\render.exe" /INCREMENTAL:NO /NOLOGO opengl32.lib glu32.lib kernel32.lib user32.lib gdi32.lib winspool.lib comdlg32.lib advapi32.lib shell32.lib ole32.lib oleaut32.lib uuid.lib odbc32.lib odbccp32.lib /MANIFEST /MANIFESTUAC:"level='asInvoker' uiAccess='false'" /manifest:embed /DEBUG /PDB:"C:\Users\cobra\Desktop\render\Release\render.pdb" /SUBSYSTEM:WINDOWS /OPT:REF /OPT:ICF /TLBID:1 /DYNAMICBASE /FIXED:NO /NXCOMPAT /MACHINE:X86 /SAFESEH Release\camera.obj
         Release\dataset.obj
         Release\draw.obj
         Release\events.obj
         Release\float4.obj
         Release\glenv.obj
         Release\mesh.obj
         Release\part.obj
         Release\render.obj
         Release\sector.obj
         "Release\.NETFramework,Version=v4.0.AssemblyAttributes.obj"
         render_type.vcxproj -> C:\Users\cobra\Desktop\render\Release\render.exe
     1>Done Building Project "C:\Users\cobra\Desktop\render\render_type\render_type.vcxproj" (Rebuild target(s)).

Build succeeded.

Time Elapsed 00:00:10.48
