C:\USERS\COBRA\DESKTOP\RENDER\RENDER_TYPE\RELEASE\SECTOR.OBJ
C:\USERS\COBRA\DESKTOP\RENDER\RENDER_TYPE\RELEASE\RENDER.OBJ
C:\USERS\COBRA\DESKTOP\RENDER\RENDER_TYPE\RELEASE\PART.OBJ
C:\USERS\COBRA\DESKTOP\RENDER\RENDER_TYPE\RELEASE\MESH.OBJ
C:\USERS\COBRA\DESKTOP\RENDER\RENDER_TYPE\RELEASE\GLENV.OBJ
C:\USERS\COBRA\DESKTOP\RENDER\RENDER_TYPE\RELEASE\FLOAT4.OBJ
C:\USERS\COBRA\DESKTOP\RENDER\RENDER_TYPE\RELEASE\EVENTS.OBJ
C:\USERS\COBRA\DESKTOP\RENDER\RENDER_TYPE\RELEASE\DRAW.OBJ
C:\USERS\COBRA\DESKTOP\RENDER\RENDER_TYPE\RELEASE\DATASET.OBJ
C:\USERS\COBRA\DESKTOP\RENDER\RENDER_TYPE\RELEASE\CAMERA.OBJ
C:\USERS\COBRA\DESKTOP\RENDER\RENDER_TYPE\RELEASE\VC110.PDB
C:\USERS\COBRA\DESKTOP\RENDER\RENDER_TYPE\RELEASE\.NETFRAMEWORK,VERSION=V4.0.ASSEMBLYATTRIBUTES.OBJ
C:\Users\cobra\Desktop\render\render_type\Release\render_type.vcxprojResolveAssemblyReference.cache
C:\Users\cobra\Desktop\render\render_type\Release\.NETFramework,Version=v4.0.AssemblyAttributes.obj
C:\Users\cobra\Desktop\render\render_type\Release\camera.obj
C:\Users\cobra\Desktop\render\render_type\Release\dataset.obj
C:\Users\cobra\Desktop\render\render_type\Release\draw.obj
C:\Users\cobra\Desktop\render\render_type\Release\events.obj
C:\Users\cobra\Desktop\render\render_type\Release\float4.obj
C:\Users\cobra\Desktop\render\render_type\Release\glenv.obj
C:\Users\cobra\Desktop\render\render_type\Release\mesh.obj
C:\Users\cobra\Desktop\render\render_type\Release\part.obj
C:\Users\cobra\Desktop\render\render_type\Release\render.obj
C:\Users\cobra\Desktop\render\render_type\Release\sector.obj
C:\Users\cobra\Desktop\render\render_type\Release\cl.command.1.tlog
C:\Users\cobra\Desktop\render\render_type\Release\CL.read.1.tlog
C:\Users\cobra\Desktop\render\render_type\Release\CL.write.1.tlog
C:\Users\cobra\Desktop\render\render_type\Release\link-cvtres.read.1.tlog
C:\Users\cobra\Desktop\render\render_type\Release\link-cvtres.write.1.tlog
C:\Users\cobra\Desktop\render\render_type\Release\link-rc.read.1.tlog
C:\Users\cobra\Desktop\render\render_type\Release\link-rc.write.1.tlog
C:\Users\cobra\Desktop\render\render_type\Release\link.command.1.tlog
C:\Users\cobra\Desktop\render\render_type\Release\link.read.1.tlog
C:\Users\cobra\Desktop\render\render_type\Release\link.write.1.tlog
C:\Users\cobra\Desktop\render\render_type\Release\metagen.read.1.tlog
C:\Users\cobra\Desktop\render\render_type\Release\metagen.write.1.tlog
C:\Users\cobra\Desktop\render\render_type\Release\vc110.pdb
C:\Users\cobra\Desktop\render\render_type\Release\RSAENH.DLL.bi
C:\Users\cobra\Desktop\render\render_type\Release\TZRES.DLL.bi
C:\Users\cobra\Desktop\render\Release\render.pdb
